<?xml version="1.0" encoding="UTF-8"?>
<testng-results skipped="0" failed="0" ignored="0" total="1" passed="1">
  <reporter-output>
  </reporter-output>
  <suite name="Default suite" duration-ms="28128" started-at="2019-05-07T05:31:09Z" finished-at="2019-05-07T05:31:37Z">
    <groups>
    </groups>
    <test name="Default test" duration-ms="28128" started-at="2019-05-07T05:31:09Z" finished-at="2019-05-07T05:31:37Z">
      <class name="baselab.SetUp">
        <test-method status="PASS" signature="browserHandling()[pri:0, instance:baselab.SetUp@1794d431]" name="browserHandling" duration-ms="28053" started-at="2019-05-07T05:31:09Z" finished-at="2019-05-07T05:31:37Z">
          <reporter-output>
          </reporter-output>
        </test-method> <!-- browserHandling -->
      </class> <!-- baselab.SetUp -->
    </test> <!-- Default test -->
  </suite> <!-- Default suite -->
</testng-results>
